Arguments: 
  C:\dev\nodejs\node.exe C:\dev\nodejs\node_modules\yarn\bin\yarn.js gulp

PATH: 
  C:\Program Files (x86)\Common Files\Oracle\Java\javapath;C:\Windows\system32;C:\Windows;C:\Windows\System32\Wbem;C:\Windows\System32\WindowsPowerShell\v1.0\;C:\Program Files (x86)\NVIDIA Corporation\PhysX\Common;C:\dev\nvm;C:\dev\nodejs;C:\WINDOWS\system32;C:\WINDOWS;C:\WINDOWS\System32\Wbem;C:\WINDOWS\System32\WindowsPowerShell\v1.0\;C:\Program Files\TortoiseSVN\bin;YSTEMROOT%\System32\OpenSSH\;D:\软件\git\Git\cmd;D:\Git\bin;C:\Users\updown\AppData\Local\Microsoft\WindowsApps

Yarn version: 
  1.5.1

Node version: 
  9.7.1

Platform: 
  win32 x64

npm manifest: 
  {
    "name": "node.js",
    "version": "1.0.0",
    "main": "index.js",
    "license": "MIT"
  }

yarn manifest: 
  No manifest

Lockfile: 
  No lockfile

Trace: 
  Error: Command "gulp" not found.
      at new MessageError (C:\dev\nvm\v9.7.1\node_modules\yarn\lib\cli.js:186:110)
      at C:\dev\nvm\v9.7.1\node_modules\yarn\lib\cli.js:87307:17
      at Generator.next (<anonymous>)
      at step (C:\dev\nvm\v9.7.1\node_modules\yarn\lib\cli.js:98:30)
      at C:\dev\nvm\v9.7.1\node_modules\yarn\lib\cli.js:116:14
      at new Promise (<anonymous>)
      at new F (C:\dev\nvm\v9.7.1\node_modules\yarn\lib\cli.js:23451:28)
      at C:\dev\nvm\v9.7.1\node_modules\yarn\lib\cli.js:95:12
      at runCommand (C:\dev\nvm\v9.7.1\node_modules\yarn\lib\cli.js:87312:22)
      at Object.<anonymous> (C:\dev\nvm\v9.7.1\node_modules\yarn\lib\cli.js:87412:14)
